This is pdfTeXk, Version 3.141592-1.40.3 (Web2C 7.5.6) (format=pdflatex 2007.5.18)  6 DEC 2008 14:13
entering extended mode
\write18 enabled.
 %&-line parsing enabled.
**sol11.tex
(./sol11.tex
LaTeX2e <2005/12/01>
Babel <v3.8h> and hyphenation patterns for english, usenglishmax, dumylang, noh
yphenation, arabic, basque, bulgarian, coptic, welsh, czech, slovak, german, ng
erman, danish, esperanto, spanish, catalan, galician, estonian, farsi, finnish,
 french, greek, monogreek, ancientgreek, croatian, hungarian, interlingua, ibyc
us, indonesian, icelandic, italian, latin, mongolian, dutch, norsk, polish, por
tuguese, pinyin, romanian, russian, slovenian, uppersorbian, serbian, swedish, 
turkish, ukenglish, ukrainian, loaded.
(/usr/local/texlive/2007/texmf-dist/tex/latex/base/article.cls
Document Class: article 2005/09/16 v1.4f Standard LaTeX document class
(/usr/local/texlive/2007/texmf-dist/tex/latex/base/size10.clo
File: size10.clo 2005/09/16 v1.4f Standard LaTeX file (size option)
)
\c@part=\count79
\c@section=\count80
\c@subsection=\count81
\c@subsubsection=\count82
\c@paragraph=\count83
\c@subparagraph=\count84
\c@figure=\count85
\c@table=\count86
\abovecaptionskip=\skip41
\belowcaptionskip=\skip42
\bibindent=\dimen102
)
(/usr/local/texlive/2007/texmf-dist/tex/latex/preprint/fullpage.sty
Package: fullpage 1999/02/23 1.1 (PWD)
\FP@margin=\skip43
)
(./336notes.sty
(/usr/local/texlive/2007/texmf-dist/tex/latex/amsfonts/euscript.sty
Package: euscript 2001/10/01 v2.2d Euler Script fonts
LaTeX Font Info:    Overwriting math alphabet `\EuScript' in version `bold'
(Font)                  U/eus/m/n --> U/eus/b/n on input line 55.
)
(/usr/local/texlive/2007/texmf-dist/tex/latex/bbm/bbm.sty
Package: bbm 1999/03/15 V 1.2 provides fonts for set symbols - TH
LaTeX Font Info:    Overwriting math alphabet `\mathbbm' in version `bold'
(Font)                  U/bbm/m/n --> U/bbm/bx/n on input line 33.
LaTeX Font Info:    Overwriting math alphabet `\mathbbmss' in version `bold'
(Font)                  U/bbmss/m/n --> U/bbmss/bx/n on input line 35.
)
(/Users/embree/Library/texmf/tex/latex/fancyheadings/fancyheadings.sty
\headrulewidth=\dimen103
\footrulewidth=\dimen104
\plainheadrulewidth=\dimen105
\plainfootrulewidth=\dimen106
\headwidth=\dimen107
\footruleskip=\dimen108
)
(/usr/local/texlive/2007/texmf-dist/tex/latex/graphics/graphicx.sty
Package: graphicx 1999/02/16 v1.0f Enhanced LaTeX Graphics (DPC,SPQR)

(/usr/local/texlive/2007/texmf-dist/tex/latex/graphics/keyval.sty
Package: keyval 1999/03/16 v1.13 key=value parser (DPC)
\KV@toks@=\toks14
)
(/usr/local/texlive/2007/texmf-dist/tex/latex/graphics/graphics.sty
Package: graphics 2006/02/20 v1.0o Standard LaTeX Graphics (DPC,SPQR)

(/usr/local/texlive/2007/texmf-dist/tex/latex/graphics/trig.sty
Package: trig 1999/03/16 v1.09 sin cos tan (DPC)
)
(/usr/local/texlive/2007/texmf/tex/latex/config/graphics.cfg
File: graphics.cfg 2007/01/18 v1.5 graphics configuration of teTeX/TeXLive
)
Package graphics Info: Driver file: pdftex.def on input line 90.

(/usr/local/texlive/2007/texmf-dist/tex/latex/pdftex-def/pdftex.def
File: pdftex.def 2007/01/08 v0.04d Graphics/color for pdfTeX
\Gread@gobject=\count87
))
\Gin@req@height=\dimen109
\Gin@req@width=\dimen110
)
(/usr/local/texlive/2007/texmf-dist/tex/latex/amsfonts/amssymb.sty
Package: amssymb 2002/01/22 v2.2d

(/usr/local/texlive/2007/texmf-dist/tex/latex/amsfonts/amsfonts.sty
Package: amsfonts 2001/10/25 v2.2f
\@emptytoks=\toks15
\symAMSa=\mathgroup4
\symAMSb=\mathgroup5
LaTeX Font Info:    Overwriting math alphabet `\mathfrak' in version `bold'
(Font)                  U/euf/m/n --> U/euf/b/n on input line 132.
))
Style Option FULLPAGE Version 2 as of 15 Dec 1988
) (/usr/local/texlive/2007/texmf-dist/tex/latex/base/ifthen.sty
Package: ifthen 2001/05/26 v1.1c Standard LaTeX ifthen package (DPC)
) (./sol11.aux)
\openout1 = `sol11.aux'.

LaTeX Font Info:    Checking defaults for OML/cmm/m/it on input line 8.
LaTeX Font Info:    ... okay on input line 8.
LaTeX Font Info:    Checking defaults for T1/cmr/m/n on input line 8.
LaTeX Font Info:    ... okay on input line 8.
LaTeX Font Info:    Checking defaults for OT1/cmr/m/n on input line 8.
LaTeX Font Info:    ... okay on input line 8.
LaTeX Font Info:    Checking defaults for OMS/cmsy/m/n on input line 8.
LaTeX Font Info:    ... okay on input line 8.
LaTeX Font Info:    Checking defaults for OMX/cmex/m/n on input line 8.
LaTeX Font Info:    ... okay on input line 8.
LaTeX Font Info:    Checking defaults for U/cmr/m/n on input line 8.
LaTeX Font Info:    ... okay on input line 8.

(/usr/local/texlive/2007/texmf-dist/tex/context/base/supp-pdf.tex
[Loading MPS to PDF converter (version 2006.09.02).]
\scratchcounter=\count88
\scratchdimen=\dimen111
\scratchbox=\box26
\nofMPsegments=\count89
\nofMParguments=\count90
\MPscratchCnt=\count91
\MPscratchDim=\dimen112
\MPnumerator=\count92
\everyMPtoPDFconversion=\toks16
)
LaTeX Font Info:    Try loading font information for U+msa on input line 13.
 (/usr/local/texlive/2007/texmf-dist/tex/latex/amsfonts/umsa.fd
File: umsa.fd 2002/01/19 v2.2g AMS font definitions
)
LaTeX Font Info:    Try loading font information for U+msb on input line 13.

(/usr/local/texlive/2007/texmf-dist/tex/latex/amsfonts/umsb.fd
File: umsb.fd 2002/01/19 v2.2g AMS font definitions
) (./wave2d.tex
[1

{/usr/local/texlive/2007/texmf-var/fonts/map/pdftex/updmap/pdftex.map}]
[2] <wave2d_1.pdf, id=18, 527.9725pt x 433.62pt>
File: wave2d_1.pdf Graphic file (type pdf)
 <use wave2d_1.pdf>
<wave2d_2.pdf, id=19, 527.9725pt x 433.62pt>
File: wave2d_2.pdf Graphic file (type pdf)
 <use wave2d_2.pdf>
<wave2d_3.pdf, id=20, 527.9725pt x 433.62pt>
File: wave2d_3.pdf Graphic file (type pdf)
 <use wave2d_3.pdf>
<wave2d_4.pdf, id=21, 527.9725pt x 433.62pt>
File: wave2d_4.pdf Graphic file (type pdf)
 <use wave2d_4.pdf>
<wave2d_5.pdf, id=22, 527.9725pt x 433.62pt>
File: wave2d_5.pdf Graphic file (type pdf)
 <use wave2d_5.pdf> [3 <./wave2d_1.pdf> <./wave2d_2.pdf> <./wave2d_3.pdf> <./wa
ve2d_4.pdf> <./wave2d_5.pdf>]
(./wave2d_code.tex)) (./damp.tex [4] (./damp_sol.tex [5]
<damp1.pdf, id=59, 519.9425pt x 403.5075pt>
File: damp1.pdf Graphic file (type pdf)
 <use damp1.pdf> [6 <./damp1.pdf>]
<damp2.pdf, id=68, 489.83pt x 394.47375pt>
File: damp2.pdf Graphic file (type pdf)
 <use damp2.pdf> [7 <./damp2.pdf>]))
(./optdamp.tex [8] (./optdamp_sol.tex
<optdamp1.pdf, id=84, 510.90875pt x 414.54875pt>
File: optdamp1.pdf Graphic file (type pdf)
 <use optdamp1.pdf> [9]
[10 <./optdamp1.pdf>] <optdamp2.pdf, id=98, 482.80376pt x 394.47375pt>
File: optdamp2.pdf Graphic file (type pdf)

<use optdamp2.pdf>)) [11 <./optdamp2.pdf>] (./sol11.aux) ) 
Here is how much of TeX's memory you used:
 1531 strings out of 94073
 18077 string characters out of 1162984
 72168 words of memory out of 1500000
 4788 multiletter control sequences out of 10000+50000
 11879 words of font info for 47 fonts, out of 1200000 for 2000
 645 hyphenation exceptions out of 8191
 32i,15n,26p,273b,454s stack positions out of 5000i,500n,6000p,200000b,5000s
</usr/local/texlive/2
007/texmf-dist/fonts/type1/bluesky/cm/cmex10.pfb></usr/local/texlive/2007/texmf
-dist/fonts/type1/bluesky/cm/cmmi10.pfb></usr/local/texlive/2007/texmf-dist/fon
ts/type1/bluesky/cm/cmmi7.pfb></usr/local/texlive/2007/texmf-dist/fonts/type1/b
luesky/cm/cmr10.pfb></usr/local/texlive/2007/texmf-dist/fonts/type1/bluesky/cm/
cmr7.pfb></usr/local/texlive/2007/texmf-dist/fonts/type1/bluesky/cm/cmss10.pfb>
</usr/local/texlive/2007/texmf-dist/fonts/type1/bluesky/cm/cmss12.pfb></usr/loc
al/texlive/2007/texmf-dist/fonts/type1/bluesky/cm/cmssbx10.pfb></usr/local/texl
ive/2007/texmf-dist/fonts/type1/bluesky/cm/cmsy10.pfb></usr/local/texlive/2007/
texmf-dist/fonts/type1/bluesky/cm/cmsy7.pfb></usr/local/texlive/2007/texmf-dist
/fonts/type1/bluesky/cm/cmti10.pfb></usr/local/texlive/2007/texmf-dist/fonts/ty
pe1/bluesky/cm/cmtt8.pfb></usr/local/texlive/2007/texmf-dist/fonts/type1/bluesk
y/cm/cmtt9.pfb>
Output written on sol11.pdf (11 pages, 403666 bytes).
PDF statistics:
 150 PDF objects out of 1000 (max. 8388607)
 0 named destinations out of 1000 (max. 131072)
 46 words of extra memory for PDF output out of 10000 (max. 10000000)

