This is pdfTeX, Version 3.1415926-2.4-1.40.13 (TeX Live 2012) (format=pdflatex 2012.6.30)  7 OCT 2012 13:51
entering extended mode
 restricted \write18 enabled.
 file:line:error style messages enabled.
 %&-line parsing enabled.
**sol6.tex
(./sol6.tex
LaTeX2e <2011/06/27>
Babel <v3.8m> and hyphenation patterns for english, dumylang, nohyphenation, ge
rman-x-2012-05-30, ngerman-x-2012-05-30, afrikaans, ancientgreek, ibycus, arabi
c, armenian, basque, bulgarian, catalan, pinyin, coptic, croatian, czech, danis
h, dutch, ukenglish, usenglishmax, esperanto, estonian, ethiopic, farsi, finnis
h, french, friulan, galician, german, ngerman, swissgerman, monogreek, greek, h
ungarian, icelandic, assamese, bengali, gujarati, hindi, kannada, malayalam, ma
rathi, oriya, panjabi, tamil, telugu, indonesian, interlingua, irish, italian, 
kurmanji, latin, latvian, lithuanian, mongolian, mongolianlmc, bokmal, nynorsk,
 polish, portuguese, romanian, romansh, russian, sanskrit, serbian, serbianc, s
lovak, slovenian, spanish, swedish, turkish, turkmen, ukrainian, uppersorbian, 
welsh, loaded.
(/usr/local/texlive/2012/texmf-dist/tex/latex/base/article.cls
Document Class: article 2007/10/19 v1.4h Standard LaTeX document class
(/usr/local/texlive/2012/texmf-dist/tex/latex/base/size10.clo
File: size10.clo 2007/10/19 v1.4h Standard LaTeX file (size option)
)
\c@part=\count79
\c@section=\count80
\c@subsection=\count81
\c@subsubsection=\count82
\c@paragraph=\count83
\c@subparagraph=\count84
\c@figure=\count85
\c@table=\count86
\abovecaptionskip=\skip41
\belowcaptionskip=\skip42
\bibindent=\dimen102
)
(/usr/local/texlive/2012/texmf-dist/tex/latex/preprint/fullpage.sty
Package: fullpage 1999/02/23 1.1 (PWD)
\FP@margin=\skip43
)
(/Users/embree/Library/texmf/tex/latex/336notes.sty
(/usr/local/texlive/2012/texmf-dist/tex/latex/amsfonts/euscript.sty
Package: euscript 2009/06/22 v3.00 Euler Script fonts
LaTeX Font Info:    Overwriting math alphabet `\EuScript' in version `bold'
(Font)                  U/eus/m/n --> U/eus/b/n on input line 33.
)
(/usr/local/texlive/2012/texmf-dist/tex/latex/bbm-macros/bbm.sty
Package: bbm 1999/03/15 V 1.2 provides fonts for set symbols - TH
LaTeX Font Info:    Overwriting math alphabet `\mathbbm' in version `bold'
(Font)                  U/bbm/m/n --> U/bbm/bx/n on input line 33.
LaTeX Font Info:    Overwriting math alphabet `\mathbbmss' in version `bold'
(Font)                  U/bbmss/m/n --> U/bbmss/bx/n on input line 35.
)
(/Users/embree/Library/texmf/tex/latex/fancyheadings/fancyheadings.sty
\headrulewidth=\dimen103
\footrulewidth=\dimen104
\plainheadrulewidth=\dimen105
\plainfootrulewidth=\dimen106
\headwidth=\dimen107
\footruleskip=\dimen108
)
(/usr/local/texlive/2012/texmf-dist/tex/latex/graphics/graphicx.sty
Package: graphicx 1999/02/16 v1.0f Enhanced LaTeX Graphics (DPC,SPQR)

(/usr/local/texlive/2012/texmf-dist/tex/latex/graphics/keyval.sty
Package: keyval 1999/03/16 v1.13 key=value parser (DPC)
\KV@toks@=\toks14
)
(/usr/local/texlive/2012/texmf-dist/tex/latex/graphics/graphics.sty
Package: graphics 2009/02/05 v1.0o Standard LaTeX Graphics (DPC,SPQR)

(/usr/local/texlive/2012/texmf-dist/tex/latex/graphics/trig.sty
Package: trig 1999/03/16 v1.09 sin cos tan (DPC)
)
(/usr/local/texlive/2012/texmf-dist/tex/latex/latexconfig/graphics.cfg
File: graphics.cfg 2010/04/23 v1.9 graphics configuration of TeX Live
)
Package graphics Info: Driver file: pdftex.def on input line 91.

(/usr/local/texlive/2012/texmf-dist/tex/latex/pdftex-def/pdftex.def
File: pdftex.def 2011/05/27 v0.06d Graphics/color for pdfTeX

(/usr/local/texlive/2012/texmf-dist/tex/generic/oberdiek/infwarerr.sty
Package: infwarerr 2010/04/08 v1.3 Providing info/warning/error messages (HO)
)
(/usr/local/texlive/2012/texmf-dist/tex/generic/oberdiek/ltxcmds.sty
Package: ltxcmds 2011/11/09 v1.22 LaTeX kernel commands for general use (HO)
)
\Gread@gobject=\count87
))
\Gin@req@height=\dimen109
\Gin@req@width=\dimen110
)
(/usr/local/texlive/2012/texmf-dist/tex/latex/amsfonts/amssymb.sty
Package: amssymb 2009/06/22 v3.00

(/usr/local/texlive/2012/texmf-dist/tex/latex/amsfonts/amsfonts.sty
Package: amsfonts 2009/06/22 v3.00 Basic AMSFonts support
\@emptytoks=\toks15
\symAMSa=\mathgroup4
\symAMSb=\mathgroup5
LaTeX Font Info:    Overwriting math alphabet `\mathfrak' in version `bold'
(Font)                  U/euf/m/n --> U/euf/b/n on input line 96.
))
Style Option FULLPAGE Version 2 as of 15 Dec 1988
) (/usr/local/texlive/2012/texmf-dist/tex/latex/base/ifthen.sty
Package: ifthen 2001/05/26 v1.1c Standard LaTeX ifthen package (DPC)
)
(/usr/local/texlive/2012/texmf-dist/tex/latex/graphics/color.sty
Package: color 2005/11/14 v1.0j Standard LaTeX Color (DPC)

(/usr/local/texlive/2012/texmf-dist/tex/latex/latexconfig/color.cfg
File: color.cfg 2007/01/18 v1.5 color configuration of teTeX/TeXLive
)
Package color Info: Driver file: pdftex.def on input line 130.
)
(./sol6.aux)
\openout1 = `sol6.aux'.

LaTeX Font Info:    Checking defaults for OML/cmm/m/it on input line 11.
LaTeX Font Info:    ... okay on input line 11.
LaTeX Font Info:    Checking defaults for T1/cmr/m/n on input line 11.
LaTeX Font Info:    ... okay on input line 11.
LaTeX Font Info:    Checking defaults for OT1/cmr/m/n on input line 11.
LaTeX Font Info:    ... okay on input line 11.
LaTeX Font Info:    Checking defaults for OMS/cmsy/m/n on input line 11.
LaTeX Font Info:    ... okay on input line 11.
LaTeX Font Info:    Checking defaults for OMX/cmex/m/n on input line 11.
LaTeX Font Info:    ... okay on input line 11.
LaTeX Font Info:    Checking defaults for U/cmr/m/n on input line 11.
LaTeX Font Info:    ... okay on input line 11.
 (/usr/local/texlive/2012/texmf-dist/tex/context/base/supp-pdf.mkii
[Loading MPS to PDF converter (version 2006.09.02).]
\scratchcounter=\count88
\scratchdimen=\dimen111
\scratchbox=\box26
\nofMPsegments=\count89
\nofMParguments=\count90
\everyMPshowfont=\toks16
\MPscratchCnt=\count91
\MPscratchDim=\dimen112
\MPnumerator=\count92
\makeMPintoPDFobject=\count93
\everyMPtoPDFconversion=\toks17
) (/usr/local/texlive/2012/texmf-dist/tex/generic/oberdiek/pdftexcmds.sty
Package: pdftexcmds 2011/11/29 v0.20 Utility functions of pdfTeX for LuaTeX (HO
)

(/usr/local/texlive/2012/texmf-dist/tex/generic/oberdiek/ifluatex.sty
Package: ifluatex 2010/03/01 v1.3 Provides the ifluatex switch (HO)
Package ifluatex Info: LuaTeX not detected.
)
(/usr/local/texlive/2012/texmf-dist/tex/generic/oberdiek/ifpdf.sty
Package: ifpdf 2011/01/30 v2.3 Provides the ifpdf switch (HO)
Package ifpdf Info: pdfTeX in PDF mode is detected.
)
Package pdftexcmds Info: LuaTeX not detected.
Package pdftexcmds Info: \pdf@primitive is available.
Package pdftexcmds Info: \pdf@ifprimitive is available.
Package pdftexcmds Info: \pdfdraftmode found.
)
(/usr/local/texlive/2012/texmf-dist/tex/latex/oberdiek/epstopdf-base.sty
Package: epstopdf-base 2010/02/09 v2.5 Base part for package epstopdf

(/usr/local/texlive/2012/texmf-dist/tex/latex/oberdiek/grfext.sty
Package: grfext 2010/08/19 v1.1 Manage graphics extensions (HO)

(/usr/local/texlive/2012/texmf-dist/tex/generic/oberdiek/kvdefinekeys.sty
Package: kvdefinekeys 2011/04/07 v1.3 Define keys (HO)
))
(/usr/local/texlive/2012/texmf-dist/tex/latex/oberdiek/kvoptions.sty
Package: kvoptions 2011/06/30 v3.11 Key value format for package options (HO)

(/usr/local/texlive/2012/texmf-dist/tex/generic/oberdiek/kvsetkeys.sty
Package: kvsetkeys 2012/04/25 v1.16 Key value parser (HO)

(/usr/local/texlive/2012/texmf-dist/tex/generic/oberdiek/etexcmds.sty
Package: etexcmds 2011/02/16 v1.5 Avoid name clashes with e-TeX commands (HO)
Package etexcmds Info: Could not find \expanded.
(etexcmds)             That can mean that you are not using pdfTeX 1.50 or
(etexcmds)             that some package has redefined \expanded.
(etexcmds)             In the latter case, load this package earlier.
)))
Package grfext Info: Graphics extension search list:
(grfext)             [.png,.pdf,.jpg,.mps,.jpeg,.jbig2,.jb2,.PNG,.PDF,.JPG,.JPE
G,.JBIG2,.JB2,.eps]
(grfext)             \AppendGraphicsExtensions on input line 452.

(/usr/local/texlive/2012/texmf-dist/tex/latex/latexconfig/epstopdf-sys.cfg
File: epstopdf-sys.cfg 2010/07/13 v1.3 Configuration of (r)epstopdf for TeX Liv
e
))
LaTeX Font Info:    Try loading font information for U+msa on input line 16.

(/usr/local/texlive/2012/texmf-dist/tex/latex/amsfonts/umsa.fd
File: umsa.fd 2009/06/22 v3.00 AMS symbols A
)
LaTeX Font Info:    Try loading font information for U+msb on input line 16.

(/usr/local/texlive/2012/texmf-dist/tex/latex/amsfonts/umsb.fd
File: umsb.fd 2009/06/22 v3.00 AMS symbols B
) (./bvps.tex
Underfull \hbox (badness 10000) in paragraph at lines 12--14

 []


Underfull \hbox (badness 10000) in paragraph at lines 14--16

 []


Underfull \hbox (badness 10000) in paragraph at lines 16--18

 []


Underfull \hbox (badness 10000) in paragraph at lines 18--20

 []

[1

{/usr/local/texlive/2012/texmf-var/fonts/map/pdftex/updmap/pdftex.map}]
<bvps1_0.pdf, id=16, 475.7775pt x 412.54124pt>
File: bvps1_0.pdf Graphic file (type pdf)
 <use bvps1_0.pdf>
Package pdftex.def Info: bvps1_0.pdf used on input line 274.
(pdftex.def)             Requested size: 190.30762pt x 165.01357pt.

<bvps1_1.pdf, id=17, 475.7775pt x 412.54124pt>
File: bvps1_1.pdf Graphic file (type pdf)
 <use bvps1_1.pdf>
Package pdftex.def Info: bvps1_1.pdf used on input line 274.
(pdftex.def)             Requested size: 190.30762pt x 165.01357pt.
 [2]
<bvps1_2.pdf, id=21, 475.7775pt x 412.54124pt>
File: bvps1_2.pdf Graphic file (type pdf)
 <use bvps1_2.pdf>
Package pdftex.def Info: bvps1_2.pdf used on input line 274.
(pdftex.def)             Requested size: 190.30762pt x 165.01357pt.

<bvps1_20.pdf, id=22, 475.7775pt x 412.54124pt>
File: bvps1_20.pdf Graphic file (type pdf)
 <use bvps1_20.pdf>
Package pdftex.def Info: bvps1_20.pdf used on input line 274.
(pdftex.def)             Requested size: 190.30762pt x 165.01357pt.

(./bvps_code1.tex) [3 <./bvps1_0.pdf> <./bvps1_1.pdf> <./bvps1_2.pdf> <./bvps1_
20.pdf>] <bvps4_1.pdf, id=35, 487.8225pt x 427.5975pt>
File: bvps4_1.pdf Graphic file (type pdf)
 <use bvps4_1.pdf>
Package pdftex.def Info: bvps4_1.pdf used on input line 274.
(pdftex.def)             Requested size: 195.12553pt x 171.03596pt.

<bvps4_2.pdf, id=36, 487.8225pt x 427.5975pt>
File: bvps4_2.pdf Graphic file (type pdf)
 <use bvps4_2.pdf>
Package pdftex.def Info: bvps4_2.pdf used on input line 274.
(pdftex.def)             Requested size: 195.12553pt x 171.03596pt.

<bvps4_20.pdf, id=37, 487.8225pt x 427.5975pt>
File: bvps4_20.pdf Graphic file (type pdf)
 <use bvps4_20.pdf>
Package pdftex.def Info: bvps4_20.pdf used on input line 274.
(pdftex.def)             Requested size: 195.12553pt x 171.03596pt.

<bvps4_20_err.pdf, id=38, 491.8375pt x 427.5975pt>
File: bvps4_20_err.pdf Graphic file (type pdf)
 <use bvps4_20_err.pdf>
Package pdftex.def Info: bvps4_20_err.pdf used on input line 274.
(pdftex.def)             Requested size: 196.7315pt x 171.03596pt.

(./bvps_code1.tex [4 <./bvps4_1.pdf> <./bvps4_2.pdf> <./bvps4_20.pdf> <./bvps4_
20_err.pdf>]) <bvps2_1.pdf, id=58, 482.80376pt x 427.5975pt>
File: bvps2_1.pdf Graphic file (type pdf)
 <use bvps2_1.pdf>
Package pdftex.def Info: bvps2_1.pdf used on input line 274.
(pdftex.def)             Requested size: 193.11807pt x 171.03596pt.

<bvps2_2.pdf, id=59, 482.80376pt x 427.5975pt>
File: bvps2_2.pdf Graphic file (type pdf)
 <use bvps2_2.pdf>
Package pdftex.def Info: bvps2_2.pdf used on input line 274.
(pdftex.def)             Requested size: 193.11807pt x 171.03596pt.
 [5]
<bvps2_3.pdf, id=63, 482.80376pt x 427.5975pt>
File: bvps2_3.pdf Graphic file (type pdf)
 <use bvps2_3.pdf>
Package pdftex.def Info: bvps2_3.pdf used on input line 274.
(pdftex.def)             Requested size: 193.11807pt x 171.03596pt.

<bvps2_20.pdf, id=64, 482.80376pt x 427.5975pt>
File: bvps2_20.pdf Graphic file (type pdf)
 <use bvps2_20.pdf>
Package pdftex.def Info: bvps2_20.pdf used on input line 274.
(pdftex.def)             Requested size: 193.11807pt x 171.03596pt.

(./bvps_code2.tex) [6 <./bvps2_1.pdf> <./bvps2_2.pdf> <./bvps2_3.pdf> <./bvps2_
20.pdf>] <bvps2b_1.pdf, id=92, 481.8pt x 427.5975pt>
File: bvps2b_1.pdf Graphic file (type pdf)
 <use bvps2b_1.pdf>
Package pdftex.def Info: bvps2b_1.pdf used on input line 274.
(pdftex.def)             Requested size: 192.71658pt x 171.03596pt.

<bvps2b_2.pdf, id=93, 481.8pt x 427.5975pt>
File: bvps2b_2.pdf Graphic file (type pdf)
 <use bvps2b_2.pdf>
Package pdftex.def Info: bvps2b_2.pdf used on input line 274.
(pdftex.def)             Requested size: 192.71658pt x 171.03596pt.

<bvps2b_3.pdf, id=94, 481.8pt x 427.5975pt>
File: bvps2b_3.pdf Graphic file (type pdf)
 <use bvps2b_3.pdf>
Package pdftex.def Info: bvps2b_3.pdf used on input line 274.
(pdftex.def)             Requested size: 192.71658pt x 171.03596pt.

<bvps2b_20.pdf, id=95, 481.8pt x 427.5975pt>
File: bvps2b_20.pdf Graphic file (type pdf)
 <use bvps2b_20.pdf>
Package pdftex.def Info: bvps2b_20.pdf used on input line 274.
(pdftex.def)             Requested size: 192.71658pt x 171.03596pt.

(./bvps_code2b.tex [7 <./bvps2b_1.pdf> <./bvps2b_2.pdf> <./bvps2b_3.pdf> <./bvp
s2b_20.pdf>]) <bvps3_1b.pdf, id=112, 475.7775pt x 412.54124pt>
File: bvps3_1b.pdf Graphic file (type pdf)

<use bvps3_1b.pdf>
Package pdftex.def Info: bvps3_1b.pdf used on input line 274.
(pdftex.def)             Requested size: 190.30762pt x 165.01357pt.
 <bvps3_2b.pdf, id=113, 475.7775pt x 412.54124pt>
File: bvps3_2b.pdf Graphic file (type pdf)

<use bvps3_2b.pdf>
Package pdftex.def Info: bvps3_2b.pdf used on input line 274.
(pdftex.def)             Requested size: 190.30762pt x 165.01357pt.
 <bvps3_3b.pdf, id=114, 475.7775pt x 412.54124pt>
File: bvps3_3b.pdf Graphic file (type pdf)

<use bvps3_3b.pdf>
Package pdftex.def Info: bvps3_3b.pdf used on input line 274.
(pdftex.def)             Requested size: 190.30762pt x 165.01357pt.
 <bvps3_20b.pdf, id=115, 475.7775pt x 412.54124pt>
File: bvps3_20b.pdf Graphic file (type pdf)

<use bvps3_20b.pdf>
Package pdftex.def Info: bvps3_20b.pdf used on input line 274.
(pdftex.def)             Requested size: 190.30762pt x 165.01357pt.
 [8 <./bvps3_1b.pdf> <./bvps3_2b.pdf> <./bvps3_3b.pdf> <./bvps3_20b.pdf>] <bvps
3_1a.pdf, id=128, 484.81125pt x 416.55624pt>
File: bvps3_1a.pdf Graphic file (type pdf)

<use bvps3_1a.pdf>
Package pdftex.def Info: bvps3_1a.pdf used on input line 274.
(pdftex.def)             Requested size: 193.92105pt x 166.61954pt.
 <bvps3_2a.pdf, id=129, 484.81125pt x 416.55624pt>
File: bvps3_2a.pdf Graphic file (type pdf)

<use bvps3_2a.pdf>
Package pdftex.def Info: bvps3_2a.pdf used on input line 274.
(pdftex.def)             Requested size: 193.92105pt x 166.61954pt.
 <bvps3_3a.pdf, id=130, 484.81125pt x 416.55624pt>
File: bvps3_3a.pdf Graphic file (type pdf)

<use bvps3_3a.pdf>
Package pdftex.def Info: bvps3_3a.pdf used on input line 274.
(pdftex.def)             Requested size: 193.92105pt x 166.61954pt.
 <bvps3_20a.pdf, id=131, 484.81125pt x 416.55624pt>
File: bvps3_20a.pdf Graphic file (type pdf)

<use bvps3_20a.pdf>
Package pdftex.def Info: bvps3_20a.pdf used on input line 274.
(pdftex.def)             Requested size: 193.92105pt x 166.61954pt.
 (./bvps_code3.tex [9 <./bvps3_1a.pdf> <./bvps3_2a.pdf> <./bvps3_3a.pdf> <./bvp
s3_20a.pdf>])) (./eigroot.tex [10] [11]
<eigroot.pdf, id=151, 475.7775pt x 368.37625pt>
File: eigroot.pdf Graphic file (type pdf)
 <use eigroot.pdf>
Package pdftex.def Info: eigroot.pdf used on input line 192.
(pdftex.def)             Requested size: 333.04196pt x 257.8616pt.
 [12 <./eigroot.pdf>] (./eigroot_code.tex) [13]) [14] (./sol6.aux) ) 
Here is how much of TeX's memory you used:
 2280 strings out of 493488
 30686 string characters out of 3141326
 86720 words of memory out of 3000000
 5496 multiletter control sequences out of 15000+200000
 12499 words of font info for 49 fonts, out of 3000000 for 9000
 957 hyphenation exceptions out of 8191
 38i,11n,26p,310b,465s stack positions out of 5000i,500n,10000p,200000b,50000s
</usr/local
/texlive/2012/texmf-dist/fonts/type1/public/amsfonts/cm/cmbx10.pfb></usr/local/
texlive/2012/texmf-dist/fonts/type1/public/amsfonts/cm/cmex10.pfb></usr/local/t
exlive/2012/texmf-dist/fonts/type1/public/amsfonts/cm/cmmi10.pfb></usr/local/te
xlive/2012/texmf-dist/fonts/type1/public/amsfonts/cm/cmmi7.pfb></usr/local/texl
ive/2012/texmf-dist/fonts/type1/public/amsfonts/cm/cmr10.pfb></usr/local/texliv
e/2012/texmf-dist/fonts/type1/public/amsfonts/cm/cmr7.pfb></usr/local/texlive/2
012/texmf-dist/fonts/type1/public/amsfonts/cm/cmss10.pfb></usr/local/texlive/20
12/texmf-dist/fonts/type1/public/amsfonts/cm/cmss12.pfb></usr/local/texlive/201
2/texmf-dist/fonts/type1/public/amsfonts/cm/cmssbx10.pfb></usr/local/texlive/20
12/texmf-dist/fonts/type1/public/amsfonts/cm/cmsy10.pfb></usr/local/texlive/201
2/texmf-dist/fonts/type1/public/amsfonts/cm/cmsy7.pfb></usr/local/texlive/2012/
texmf-dist/fonts/type1/public/amsfonts/cm/cmti10.pfb></usr/local/texlive/2012/t
exmf-dist/fonts/type1/public/amsfonts/cm/cmtt10.pfb></usr/local/texlive/2012/te
xmf-dist/fonts/type1/public/amsfonts/cm/cmtt8.pfb>
Output written on sol6.pdf (14 pages, 449707 bytes).
PDF statistics:
 210 PDF objects out of 1000 (max. 8388607)
 149 compressed objects within 2 object streams
 0 named destinations out of 1000 (max. 500000)
 126 words of extra memory for PDF output out of 10000 (max. 10000000)

